<?xml version="1.0" encoding="UTF-8"?>
<!-- Generated by org.testng.reporters.JUnitXMLReporter -->
<testsuite ignored="0" hostname="HMECL000895" failures="0" tests="11" name="Default test" time="14.639" errors="0" timestamp="05 Apr 2019 09:28:12 GMT">
  <testcase classname="com.test.PaymentService" name="verifythepaymentservice" time="2.608"/>
  <testcase classname="com.test.PaymentService" name="verifyNoofPlansreceived" time="2.257"/>
  <testcase classname="com.test.PaymentService" name="verifyBillplansContainsAddons" time="0.587"/>
  <testcase classname="com.test.PaymentService" name="verifythepaymentserviceforthebillpayid" time="0.542"/>
  <testcase classname="com.test.PaymentService" name="verifythepaymentservicefortheInvalidbillpayid" time="0.547"/>
  <testcase classname="com.test.PaymentService" name="createsaleTransaction_OldCustomer_NewCreaditcardRegistration" time="1.721"/>
  <testcase classname="com.test.PaymentService" name="updateBPRequest" time="0.534"/>
  <testcase classname="com.test.PaymentService" name="createsaleTransaction_NewCustomer_NewCreaditcardRegistration" time="1.366"/>
  <testcase classname="com.test.PaymentService" name="createsaleTransactionforsubscriptionwithpaymentmethod" time="1.248"/>
  <testcase classname="com.test.PaymentService" name="createsaleTransactionforsimpleproductwithpaymentmethod" time="0.976"/>
  <testcase classname="com.test.PaymentService" name="createnewsubscriptionTransactionwithnewcustomerandcreditcard" time="1.328"/>
</testsuite> <!-- Default test -->
