<?xml version="1.0" encoding="UTF-8"?>
<!-- Generated by org.testng.reporters.JUnitXMLReporter -->
<testsuite ignored="1" hostname="HMECL000895" failures="0" tests="10" name="Little Passport Service Execution" time="18.425" errors="0" timestamp="24 Apr 2019 13:04:51 GMT">
  <testcase classname="com.test.PaymentService" name="verifythepaymentservice" time="2.518"/>
  <testcase classname="com.test.PaymentService" name="verifyNoofPlansreceived" time="2.388"/>
  <testcase classname="com.test.PaymentService" name="verifythepaymentserviceforthebillpayid" time="0.72"/>
  <testcase classname="com.test.PaymentService" name="verifythepaymentservicefortheInvalidbillpayid" time="0.78"/>
  <testcase classname="com.test.PaymentService" name="createsaleTransaction_OldCustomer_NewCreaditcardRegistration" time="1.796"/>
  <testcase classname="com.test.PaymentService" name="updateBPRequest" time="0.615"/>
  <testcase classname="com.test.PaymentService" name="createsaleTransaction_NewCustomer_NewCreaditcardRegistration" time="1.75"/>
  <testcase classname="com.test.PaymentService" name="createsaleTransactionforsubscriptionwithpaymentmethod" time="2.707"/>
  <testcase classname="com.test.PaymentService" name="createsaleTransactionforsimpleproductwithpaymentmethod" time="2.881"/>
  <testcase classname="com.test.PaymentService" name="createnewsubscriptionTransactionwithnewcustomerandcreditcard" time="1.441"/>
  <testcase classname="com.test.PaymentService" name="verifyBillplansContainsAddons" time="0.0">
    <ignored/>
  </testcase> <!-- verifyBillplansContainsAddons -->
</testsuite> <!-- Little Passport Service Execution -->
